<?xml version="1.0" encoding="UTF-8"?>
<testsuite xmlns:xsi="http://www.w3.org/2001/XMLSchema-instance" xsi:noNamespaceSchemaLocation="https://maven.apache.org/surefire/maven-surefire-plugin/xsd/surefire-test-report-3.0.xsd" version="3.0" name="com.iut.banque.test.modele.TestsCompte" time="0.001" tests="11" errors="0" skipped="0" failures="0">
  <properties>
    <property name="sun.desktop" value="windows"/>
    <property name="awt.toolkit" value="sun.awt.windows.WToolkit"/>
    <property name="file.encoding.pkg" value="sun.io"/>
    <property name="java.specification.version" value="1.8"/>
    <property name="sun.cpu.isalist" value="amd64"/>
    <property name="sun.jnu.encoding" value="Cp1252"/>
    <property name="java.class.path" value="D:\Coding\Java\_00_ASBank2023\target\test-classes;D:\Coding\Java\_00_ASBank2023\target\classes;C:\Users\quent\.m2\repository\org\hibernate\hibernate-core\5.1.17.Final\hibernate-core-5.1.17.Final.jar;C:\Users\quent\.m2\repository\org\jboss\logging\jboss-logging\3.3.0.Final\jboss-logging-3.3.0.Final.jar;C:\Users\quent\.m2\repository\org\hibernate\javax\persistence\hibernate-jpa-2.1-api\1.0.0.Final\hibernate-jpa-2.1-api-1.0.0.Final.jar;C:\Users\quent\.m2\repository\org\javassist\javassist\3.20.0-GA\javassist-3.20.0-GA.jar;C:\Users\quent\.m2\repository\antlr\antlr\2.7.7\antlr-2.7.7.jar;C:\Users\quent\.m2\repository\org\apache\geronimo\specs\geronimo-jta_1.1_spec\1.1.1\geronimo-jta_1.1_spec-1.1.1.jar;C:\Users\quent\.m2\repository\org\jboss\jandex\2.0.3.Final\jandex-2.0.3.Final.jar;C:\Users\quent\.m2\repository\com\fasterxml\classmate\1.3.0\classmate-1.3.0.jar;C:\Users\quent\.m2\repository\org\dom4j\dom4j\2.1.1\dom4j-2.1.1.jar;C:\Users\quent\.m2\repository\org\hibernate\common\hibernate-commons-annotations\5.0.1.Final\hibernate-commons-annotations-5.0.1.Final.jar;C:\Users\quent\.m2\repository\com\mysql\mysql-connector-j\8.1.0\mysql-connector-j-8.1.0.jar;C:\Users\quent\.m2\repository\com\google\protobuf\protobuf-java\3.21.9\protobuf-java-3.21.9.jar;C:\Users\quent\.m2\repository\org\springframework\spring-context\4.2.6.RELEASE\spring-context-4.2.6.RELEASE.jar;C:\Users\quent\.m2\repository\org\springframework\spring-aop\4.2.6.RELEASE\spring-aop-4.2.6.RELEASE.jar;C:\Users\quent\.m2\repository\aopalliance\aopalliance\1.0\aopalliance-1.0.jar;C:\Users\quent\.m2\repository\org\springframework\spring-beans\4.2.6.RELEASE\spring-beans-4.2.6.RELEASE.jar;C:\Users\quent\.m2\repository\org\springframework\spring-core\4.2.6.RELEASE\spring-core-4.2.6.RELEASE.jar;C:\Users\quent\.m2\repository\commons-logging\commons-logging\1.2\commons-logging-1.2.jar;C:\Users\quent\.m2\repository\org\springframework\spring-expression\4.2.6.RELEASE\spring-expression-4.2.6.RELEASE.jar;C:\Users\quent\.m2\repository\org\springframework\spring-orm\4.2.6.RELEASE\spring-orm-4.2.6.RELEASE.jar;C:\Users\quent\.m2\repository\org\springframework\spring-jdbc\4.2.6.RELEASE\spring-jdbc-4.2.6.RELEASE.jar;C:\Users\quent\.m2\repository\org\springframework\spring-tx\4.2.6.RELEASE\spring-tx-4.2.6.RELEASE.jar;C:\Users\quent\.m2\repository\org\springframework\spring-web\4.2.6.RELEASE\spring-web-4.2.6.RELEASE.jar;C:\Users\quent\.m2\repository\org\springframework\spring-test\4.2.6.RELEASE\spring-test-4.2.6.RELEASE.jar;C:\Users\quent\.m2\repository\org\apache\struts\struts2-core\2.3.37\struts2-core-2.3.37.jar;C:\Users\quent\.m2\repository\org\apache\struts\xwork\xwork-core\2.3.37\xwork-core-2.3.37.jar;C:\Users\quent\.m2\repository\org\apache\commons\commons-lang3\3.2\commons-lang3-3.2.jar;C:\Users\quent\.m2\repository\asm\asm\3.3\asm-3.3.jar;C:\Users\quent\.m2\repository\asm\asm-commons\3.3\asm-commons-3.3.jar;C:\Users\quent\.m2\repository\asm\asm-tree\3.3\asm-tree-3.3.jar;C:\Users\quent\.m2\repository\org\freemarker\freemarker\2.3.28\freemarker-2.3.28.jar;C:\Users\quent\.m2\repository\ognl\ognl\3.0.21\ognl-3.0.21.jar;C:\Users\quent\.m2\repository\javassist\javassist\3.11.0.GA\javassist-3.11.0.GA.jar;C:\Users\quent\.m2\repository\commons-fileupload\commons-fileupload\1.4\commons-fileupload-1.4.jar;C:\Users\quent\.m2\repository\commons-io\commons-io\2.2\commons-io-2.2.jar;C:\Users\quent\.m2\repository\junit\junit\4.12\junit-4.12.jar;C:\Users\quent\.m2\repository\org\hamcrest\hamcrest-core\1.3\hamcrest-core-1.3.jar;C:\Users\quent\.m2\repository\commons-pool\commons-pool\1.6\commons-pool-1.6.jar;C:\Users\quent\.m2\repository\commons-dbcp\commons-dbcp\1.2.2\commons-dbcp-1.2.2.jar;C:\Users\quent\.m2\repository\com\google\gwt\gwt-servlet\2.7.0\gwt-servlet-2.7.0.jar;C:\Users\quent\.m2\repository\com\sencha\gxt\gxt\3.0.1\gxt-3.0.1.jar;C:\Users\quent\.m2\repository\javax\validation\validation-api\1.0.0.GA\validation-api-1.0.0.GA.jar;C:\Users\quent\.m2\repository\javax\validation\validation-api\1.0.0.GA\validation-api-1.0.0.GA-sources.jar;C:\Users\quent\.m2\repository\org\json\json\20090211\json-20090211.jar;C:\Users\quent\.m2\repository\javax\servlet\javax.servlet-api\3.1.0\javax.servlet-api-3.1.0.jar;C:\Users\quent\.m2\repository\javax\xml\bind\jaxb-api\2.2.11\jaxb-api-2.2.11.jar;C:\Users\quent\.m2\repository\com\sun\xml\bind\jaxb-core\2.2.11\jaxb-core-2.2.11.jar;C:\Users\quent\.m2\repository\com\sun\xml\bind\jaxb-impl\2.2.11\jaxb-impl-2.2.11.jar;C:\Users\quent\.m2\repository\javax\activation\activation\1.1.1\activation-1.1.1.jar;"/>
    <property name="java.vm.vendor" value="Amazon.com Inc."/>
    <property name="sun.arch.data.model" value="64"/>
    <property name="user.variant" value=""/>
    <property name="java.vendor.url" value="https://aws.amazon.com/corretto/"/>
    <property name="user.timezone" value="Europe/Paris"/>
    <property name="java.vm.specification.version" value="1.8"/>
    <property name="os.name" value="Windows 11"/>
    <property name="user.country" value="FR"/>
    <property name="sun.java.launcher" value="SUN_STANDARD"/>
    <property name="sun.boot.library.path" value="C:\Users\quent\.jdks\corretto-1.8.0_382\jre\bin"/>
    <property name="sun.java.command" value="C:\Users\quent\AppData\Local\Temp\surefire355974854549839370\surefirebooter-20231007135834799_3.jar C:\Users\quent\AppData\Local\Temp\surefire355974854549839370 2023-10-07T13-58-34_589-jvmRun1 surefire-20231007135834799_1tmp surefire_0-20231007135834799_2tmp"/>
    <property name="surefire.test.class.path" value="D:\Coding\Java\_00_ASBank2023\target\test-classes;D:\Coding\Java\_00_ASBank2023\target\classes;C:\Users\quent\.m2\repository\org\hibernate\hibernate-core\5.1.17.Final\hibernate-core-5.1.17.Final.jar;C:\Users\quent\.m2\repository\org\jboss\logging\jboss-logging\3.3.0.Final\jboss-logging-3.3.0.Final.jar;C:\Users\quent\.m2\repository\org\hibernate\javax\persistence\hibernate-jpa-2.1-api\1.0.0.Final\hibernate-jpa-2.1-api-1.0.0.Final.jar;C:\Users\quent\.m2\repository\org\javassist\javassist\3.20.0-GA\javassist-3.20.0-GA.jar;C:\Users\quent\.m2\repository\antlr\antlr\2.7.7\antlr-2.7.7.jar;C:\Users\quent\.m2\repository\org\apache\geronimo\specs\geronimo-jta_1.1_spec\1.1.1\geronimo-jta_1.1_spec-1.1.1.jar;C:\Users\quent\.m2\repository\org\jboss\jandex\2.0.3.Final\jandex-2.0.3.Final.jar;C:\Users\quent\.m2\repository\com\fasterxml\classmate\1.3.0\classmate-1.3.0.jar;C:\Users\quent\.m2\repository\org\dom4j\dom4j\2.1.1\dom4j-2.1.1.jar;C:\Users\quent\.m2\repository\org\hibernate\common\hibernate-commons-annotations\5.0.1.Final\hibernate-commons-annotations-5.0.1.Final.jar;C:\Users\quent\.m2\repository\com\mysql\mysql-connector-j\8.1.0\mysql-connector-j-8.1.0.jar;C:\Users\quent\.m2\repository\com\google\protobuf\protobuf-java\3.21.9\protobuf-java-3.21.9.jar;C:\Users\quent\.m2\repository\org\springframework\spring-context\4.2.6.RELEASE\spring-context-4.2.6.RELEASE.jar;C:\Users\quent\.m2\repository\org\springframework\spring-aop\4.2.6.RELEASE\spring-aop-4.2.6.RELEASE.jar;C:\Users\quent\.m2\repository\aopalliance\aopalliance\1.0\aopalliance-1.0.jar;C:\Users\quent\.m2\repository\org\springframework\spring-beans\4.2.6.RELEASE\spring-beans-4.2.6.RELEASE.jar;C:\Users\quent\.m2\repository\org\springframework\spring-core\4.2.6.RELEASE\spring-core-4.2.6.RELEASE.jar;C:\Users\quent\.m2\repository\commons-logging\commons-logging\1.2\commons-logging-1.2.jar;C:\Users\quent\.m2\repository\org\springframework\spring-expression\4.2.6.RELEASE\spring-expression-4.2.6.RELEASE.jar;C:\Users\quent\.m2\repository\org\springframework\spring-orm\4.2.6.RELEASE\spring-orm-4.2.6.RELEASE.jar;C:\Users\quent\.m2\repository\org\springframework\spring-jdbc\4.2.6.RELEASE\spring-jdbc-4.2.6.RELEASE.jar;C:\Users\quent\.m2\repository\org\springframework\spring-tx\4.2.6.RELEASE\spring-tx-4.2.6.RELEASE.jar;C:\Users\quent\.m2\repository\org\springframework\spring-web\4.2.6.RELEASE\spring-web-4.2.6.RELEASE.jar;C:\Users\quent\.m2\repository\org\springframework\spring-test\4.2.6.RELEASE\spring-test-4.2.6.RELEASE.jar;C:\Users\quent\.m2\repository\org\apache\struts\struts2-core\2.3.37\struts2-core-2.3.37.jar;C:\Users\quent\.m2\repository\org\apache\struts\xwork\xwork-core\2.3.37\xwork-core-2.3.37.jar;C:\Users\quent\.m2\repository\org\apache\commons\commons-lang3\3.2\commons-lang3-3.2.jar;C:\Users\quent\.m2\repository\asm\asm\3.3\asm-3.3.jar;C:\Users\quent\.m2\repository\asm\asm-commons\3.3\asm-commons-3.3.jar;C:\Users\quent\.m2\repository\asm\asm-tree\3.3\asm-tree-3.3.jar;C:\Users\quent\.m2\repository\org\freemarker\freemarker\2.3.28\freemarker-2.3.28.jar;C:\Users\quent\.m2\repository\ognl\ognl\3.0.21\ognl-3.0.21.jar;C:\Users\quent\.m2\repository\javassist\javassist\3.11.0.GA\javassist-3.11.0.GA.jar;C:\Users\quent\.m2\repository\commons-fileupload\commons-fileupload\1.4\commons-fileupload-1.4.jar;C:\Users\quent\.m2\repository\commons-io\commons-io\2.2\commons-io-2.2.jar;C:\Users\quent\.m2\repository\junit\junit\4.12\junit-4.12.jar;C:\Users\quent\.m2\repository\org\hamcrest\hamcrest-core\1.3\hamcrest-core-1.3.jar;C:\Users\quent\.m2\repository\commons-pool\commons-pool\1.6\commons-pool-1.6.jar;C:\Users\quent\.m2\repository\commons-dbcp\commons-dbcp\1.2.2\commons-dbcp-1.2.2.jar;C:\Users\quent\.m2\repository\com\google\gwt\gwt-servlet\2.7.0\gwt-servlet-2.7.0.jar;C:\Users\quent\.m2\repository\com\sencha\gxt\gxt\3.0.1\gxt-3.0.1.jar;C:\Users\quent\.m2\repository\javax\validation\validation-api\1.0.0.GA\validation-api-1.0.0.GA.jar;C:\Users\quent\.m2\repository\javax\validation\validation-api\1.0.0.GA\validation-api-1.0.0.GA-sources.jar;C:\Users\quent\.m2\repository\org\json\json\20090211\json-20090211.jar;C:\Users\quent\.m2\repository\javax\servlet\javax.servlet-api\3.1.0\javax.servlet-api-3.1.0.jar;C:\Users\quent\.m2\repository\javax\xml\bind\jaxb-api\2.2.11\jaxb-api-2.2.11.jar;C:\Users\quent\.m2\repository\com\sun\xml\bind\jaxb-core\2.2.11\jaxb-core-2.2.11.jar;C:\Users\quent\.m2\repository\com\sun\xml\bind\jaxb-impl\2.2.11\jaxb-impl-2.2.11.jar;C:\Users\quent\.m2\repository\javax\activation\activation\1.1.1\activation-1.1.1.jar;"/>
    <property name="sun.cpu.endian" value="little"/>
    <property name="user.home" value="C:\Users\quent"/>
    <property name="user.language" value="fr"/>
    <property name="java.specification.vendor" value="Oracle Corporation"/>
    <property name="java.home" value="C:\Users\quent\.jdks\corretto-1.8.0_382\jre"/>
    <property name="basedir" value="D:\Coding\Java\_00_ASBank2023"/>
    <property name="file.separator" value="\"/>
    <property name="line.separator" value="&#10;"/>
    <property name="java.vm.specification.vendor" value="Oracle Corporation"/>
    <property name="java.specification.name" value="Java Platform API Specification"/>
    <property name="java.awt.graphicsenv" value="sun.awt.Win32GraphicsEnvironment"/>
    <property name="surefire.real.class.path" value="C:\Users\quent\AppData\Local\Temp\surefire355974854549839370\surefirebooter-20231007135834799_3.jar"/>
    <property name="sun.boot.class.path" value="C:\Users\quent\.jdks\corretto-1.8.0_382\jre\lib\resources.jar;C:\Users\quent\.jdks\corretto-1.8.0_382\jre\lib\rt.jar;C:\Users\quent\.jdks\corretto-1.8.0_382\jre\lib\sunrsasign.jar;C:\Users\quent\.jdks\corretto-1.8.0_382\jre\lib\jsse.jar;C:\Users\quent\.jdks\corretto-1.8.0_382\jre\lib\jce.jar;C:\Users\quent\.jdks\corretto-1.8.0_382\jre\lib\charsets.jar;C:\Users\quent\.jdks\corretto-1.8.0_382\jre\lib\jfr.jar;C:\Users\quent\.jdks\corretto-1.8.0_382\jre\classes"/>
    <property name="user.script" value=""/>
    <property name="sun.management.compiler" value="HotSpot 64-Bit Tiered Compilers"/>
    <property name="java.runtime.version" value="1.8.0_382-b05"/>
    <property name="user.name" value="quent"/>
    <property name="path.separator" value=";"/>
    <property name="os.version" value="10.0"/>
    <property name="java.endorsed.dirs" value="C:\Users\quent\.jdks\corretto-1.8.0_382\jre\lib\endorsed"/>
    <property name="java.runtime.name" value="OpenJDK Runtime Environment"/>
    <property name="file.encoding" value="Cp1252"/>
    <property name="java.vm.name" value="OpenJDK 64-Bit Server VM"/>
    <property name="localRepository" value="C:\Users\quent\.m2\repository"/>
    <property name="java.vendor.url.bug" value="https://github.com/corretto/corretto-8/issues/"/>
    <property name="java.io.tmpdir" value="C:\Users\quent\AppData\Local\Temp\"/>
    <property name="idea.version" value="2023.2.2"/>
    <property name="java.version" value="1.8.0_382"/>
    <property name="user.dir" value="D:\Coding\Java\_00_ASBank2023"/>
    <property name="os.arch" value="amd64"/>
    <property name="java.vm.specification.name" value="Java Virtual Machine Specification"/>
    <property name="java.awt.printerjob" value="sun.awt.windows.WPrinterJob"/>
    <property name="sun.os.patch.level" value=""/>
    <property name="java.library.path" value="C:\Users\quent\.jdks\corretto-1.8.0_382\jre\bin;C:\Windows\Sun\Java\bin;C:\Windows\system32;C:\Windows;C:\Python311\Scripts\;C:\Python311\;C:\Windows\system32;C:\Windows;C:\Windows\System32\Wbem;C:\Windows\System32\WindowsPowerShell\v1.0\;C:\Windows\System32\OpenSSH\;D:\NodeJS\;C:\ProgramData\chocolatey\bin;C:\Program Files\NVIDIA Corporation\NVIDIA NvDLISR;C:\Program Files (x86)\NVIDIA Corporation\PhysX\Common;D:\Git\cmd;C:\Program Files\Microsoft SQL Server\150\Tools\Binn\;C:\Program Files\Microsoft SQL Server\Client SDK\ODBC\170\Tools\Binn\;C:\Program Files\dotnet\;C:\Program Files\Docker\Docker\resources\bin;C:\Users\quent\AppData\Roaming\Python\Python311\Scripts;."/>
    <property name="java.vm.info" value="mixed mode"/>
    <property name="java.vendor" value="Amazon.com Inc."/>
    <property name="java.vm.version" value="25.382-b05"/>
    <property name="java.specification.maintenance.version" value="5"/>
    <property name="java.ext.dirs" value="C:\Users\quent\.jdks\corretto-1.8.0_382\jre\lib\ext;C:\Windows\Sun\Java\lib\ext"/>
    <property name="sun.io.unicode.encoding" value="UnicodeLittle"/>
    <property name="java.class.version" value="52.0"/>
  </properties>
  <testcase name="testConstruireCompteAvecFormatNumeroCompteIncorrect" classname="com.iut.banque.test.modele.TestsCompte" time="0"/>
  <testcase name="testMethodeCheckFormatNumeroCompteCorrect" classname="com.iut.banque.test.modele.TestsCompte" time="0"/>
  <testcase name="testMethodeCheckFormatNumeroCompteAvecTroisLettresAuDebut" classname="com.iut.banque.test.modele.TestsCompte" time="0"/>
  <testcase name="testCrediterCompte" classname="com.iut.banque.test.modele.TestsCompte" time="0"/>
  <testcase name="testMethodeCheckFormatNumeroCompteAvecUneSeuleLettreAuDebut" classname="com.iut.banque.test.modele.TestsCompte" time="0"/>
  <testcase name="testMethodeCheckFormatNumeroCompteAucuneLettreAuDebut" classname="com.iut.banque.test.modele.TestsCompte" time="0"/>
  <testcase name="testMethodeCheckFormatNumeroCompteAvecLettresALaFin" classname="com.iut.banque.test.modele.TestsCompte" time="0"/>
  <testcase name="testMethodeCheckFormatNumeroCompteAvecLettresAuMillieu" classname="com.iut.banque.test.modele.TestsCompte" time="0"/>
  <testcase name="testMethodeCheckFormatNumeroCompteAvecMoinsDeChiffresQueAttendu" classname="com.iut.banque.test.modele.TestsCompte" time="0"/>
  <testcase name="testCrediterCompteMontantNegatif" classname="com.iut.banque.test.modele.TestsCompte" time="0"/>
  <testcase name="testMethodeCheckFormatNumeroCompteAvecPlusDeChiffresQueAttendu" classname="com.iut.banque.test.modele.TestsCompte" time="0"/>
</testsuite>